<?xml version="1.0" encoding="UTF-8"?>
<testsuite name="com.bridgelabz.cricketleagueanalysis.IPLCsvAnalyserTest" tests="1" skipped="0" failures="0" errors="0" timestamp="2019-12-23T21:07:43" hostname="DESKTOP-DSNLESO" time="1.034">
  <properties/>
  <testcase name="givenIPLMOstWktsCSVFile_WhenSortedOnBattingAndBowlingAvg_ShouldReturnCorrectDesiredSortedData" classname="com.bridgelabz.cricketleagueanalysis.IPLCsvAnalyserTest" time="1.034"/>
  <system-out><![CDATA[100
]]></system-out>
  <system-err><![CDATA[]]></system-err>
</testsuite>
