<?xml version="1.0" encoding="UTF-8"?>
<testsuite name="com.bridgelabz.cricketleagueanalysis.IPLCsvAnalyserMockTest" tests="1" skipped="0" failures="0" errors="0" timestamp="2019-12-24T10:36:49" hostname="DESKTOP-DSNLESO" time="1.685">
  <properties/>
  <testcase name="givenIPLBallRunsCSVFile_ShouldReturnCorrectRecords" classname="com.bridgelabz.cricketleagueanalysis.IPLCsvAnalyserMockTest" time="1.685"/>
  <system-out><![CDATA[]]></system-out>
  <system-err><![CDATA[]]></system-err>
</testsuite>
