<?xml version="1.0" encoding="UTF-8"?>
<testsuite name="com.bridgelabz.cricketleagueanalysis.IPLCsvAnalyserMockTest" tests="2" skipped="0" failures="0" errors="0" timestamp="2019-12-25T06:46:42" hostname="DESKTOP-DSNLESO" time="2.161">
  <properties/>
  <testcase name="givenIPLBallRunsCSVFile_ShouldReturnCorrectRecords" classname="com.bridgelabz.cricketleagueanalysis.IPLCsvAnalyserMockTest" time="2.046"/>
  <testcase name="givenIPLBatsRunsCSVFile_ShouldReturnCorrectRecords" classname="com.bridgelabz.cricketleagueanalysis.IPLCsvAnalyserMockTest" time="0.112"/>
  <system-out><![CDATA[]]></system-out>
  <system-err><![CDATA[]]></system-err>
</testsuite>
